Arguments: 
  /home/stefan/.nvm/versions/node/v10.11.0/bin/node /usr/local/bin/yarn add @orbit

PATH: 
  /home/stefan/.nvm/versions/node/v10.11.0/bin:/usr/local/sbin:/usr/local/bin:/usr/sbin:/usr/bin:/sbin:/bin:/usr/games:/usr/local/games:/snap/bin

Yarn version: 
  1.13.0

Node version: 
  10.11.0

Platform: 
  linux x64

Trace: 
  Error: https://registry.yarnpkg.com/@orbit: Request "https://registry.yarnpkg.com/@orbit" returned a 405
      at Request.params.callback [as _callback] (/usr/local/lib/node_modules/yarn/lib/cli.js:66264:18)
      at Request.self.callback (/usr/local/lib/node_modules/yarn/lib/cli.js:129397:22)
      at Request.emit (events.js:182:13)
      at Request.<anonymous> (/usr/local/lib/node_modules/yarn/lib/cli.js:130369:10)
      at Request.emit (events.js:182:13)
      at IncomingMessage.<anonymous> (/usr/local/lib/node_modules/yarn/lib/cli.js:130291:12)
      at Object.onceWrapper (events.js:273:13)
      at IncomingMessage.emit (events.js:187:15)
      at endReadableNT (_stream_readable.js:1092:12)
      at process._tickCallback (internal/process/next_tick.js:63:19)

npm manifest: 
  {
    "name": "orbit-query-manager",
    "version": "0.0.0",
    "description": "orbit query manager",
    "main": "dist/index.js",
    "types": "dist/index.d.ts",
    "scripts": {
      "build": "rm -rf ./dist && tsc"
    },
    "author": "Stefan Wullems <stefan@exivity.com>",
    "license": "ISC",
    "devDependencies": {
      "typescript": "^3.4.3"
    },
    "dependencies": {
      "orbit": "^0.1.3"
    }
  }

yarn manifest: 
  No manifest

Lockfile: 
  # THIS IS AN AUTOGENERATED FILE. DO NOT EDIT THIS FILE DIRECTLY.
  # yarn lockfile v1
  
  
  "@orbit/utils@^0.15.23":
    version "0.15.23"
    resolved "https://registry.yarnpkg.com/@orbit/utils/-/utils-0.15.23.tgz#3c3c00414e9a0a8aa3b1907025e30ca31b98e65b"
    integrity sha512-+7l34ROgaq2SISR6uU4/amz8TjG0HxL7XgGEeuxAinhFzO/vI8/G/kER7Jah885esM+ZmGVLrU5c6ddkHm0H3Q==
  
  orbit@^0.1.3:
    version "0.1.3"
    resolved "https://registry.yarnpkg.com/orbit/-/orbit-0.1.3.tgz#7f4f885427205569ae9064722ab2efcae5c0b7b5"
    integrity sha1-f0+IVCcgVWmukGRyKrLvyuXAt7U=
  
  typescript@^3.4.3:
    version "3.4.4"
    resolved "https://registry.yarnpkg.com/typescript/-/typescript-3.4.4.tgz#aac4a08abecab8091a75f10842ffa0631818f785"
    integrity sha512-xt5RsIRCEaf6+j9AyOBgvVuAec0i92rgCaS3S+UVf5Z/vF2Hvtsw08wtUTJqp4djwznoAgjSxeCcU4r+CcDBJA==
